*** Starting uWSGI 2.0.14-debian (32bit) on [Wed May 17 02:45:12 2017] ***
compiled with version: 6.2.1 20161124 on 07 December 2016 17:48:00
os: Linux-4.9.0-2-686 #1 SMP Debian 4.9.18-1 (2017-03-30)
nodename: webserver
machine: i686
clock source: unix
pcre jit disabled
detected number of CPU cores: 1
current working directory: /root/aircleaner/uWSGI
detected binary path: /usr/bin/uwsgi-core
uWSGI running as root, you can use --uid/--gid/--chroot options
*** WARNING: you are running uWSGI as root !!! (use the --uid flag) *** 
*** WARNING: you are running uWSGI without its master process manager ***
your processes number limit is 7905
your memory page size is 4096 bytes
detected max file descriptor number: 1024
lock engine: pthread robust mutexes
thunder lock: disabled (you can enable it with --thunder-lock)
uwsgi socket 0 bound to UNIX address /root/aircleaner/uWSGI/uwsgi.sock fd 3
your server socket listen backlog is limited to 100 connections
your mercy for graceful operations on workers is 60 seconds
mapped 63988 bytes (62 KB) for 1 cores
*** Operational MODE: single process ***
*** no app loaded. going in full dynamic mode ***
*** uWSGI is running in multiple interpreter mode ***
!!!!!!!!!!!!!! WARNING !!!!!!!!!!!!!!
no request plugin is loaded, you will not be able to manage requests.
you may need to install the package for your language of choice, or simply load it with --plugin.
!!!!!!!!!!! END OF WARNING !!!!!!!!!!
spawned uWSGI worker 1 (and the only) (pid: 3331, cores: 1)
*** Starting uWSGI 2.0.14-debian (32bit) on [Wed May 17 02:45:47 2017] ***
compiled with version: 6.2.1 20161124 on 07 December 2016 17:48:00
os: Linux-4.9.0-2-686 #1 SMP Debian 4.9.18-1 (2017-03-30)
nodename: webserver
machine: i686
clock source: unix
pcre jit disabled
detected number of CPU cores: 1
current working directory: /root/aircleaner/uWSGI
detected binary path: /usr/bin/uwsgi-core
uWSGI running as root, you can use --uid/--gid/--chroot options
*** WARNING: you are running uWSGI as root !!! (use the --uid flag) *** 
*** WARNING: you are running uWSGI without its master process manager ***
your processes number limit is 7905
your memory page size is 4096 bytes
detected max file descriptor number: 1024
lock engine: pthread robust mutexes
thunder lock: disabled (you can enable it with --thunder-lock)
uwsgi socket 0 bound to UNIX address /root/aircleaner/uWSGI/uwsgi.sock fd 3
your server socket listen backlog is limited to 100 connections
your mercy for graceful operations on workers is 60 seconds
mapped 63988 bytes (62 KB) for 1 cores
*** Operational MODE: single process ***
*** no app loaded. going in full dynamic mode ***
*** uWSGI is running in multiple interpreter mode ***
!!!!!!!!!!!!!! WARNING !!!!!!!!!!!!!!
no request plugin is loaded, you will not be able to manage requests.
you may need to install the package for your language of choice, or simply load it with --plugin.
!!!!!!!!!!! END OF WARNING !!!!!!!!!!
spawned uWSGI worker 1 (and the only) (pid: 3332, cores: 1)
*** Starting uWSGI 2.0.14-debian (32bit) on [Wed May 17 02:50:24 2017] ***
compiled with version: 6.2.1 20161124 on 07 December 2016 17:48:00
os: Linux-4.9.0-2-686 #1 SMP Debian 4.9.18-1 (2017-03-30)
nodename: webserver
machine: i686
clock source: unix
pcre jit disabled
detected number of CPU cores: 1
current working directory: /root/aircleaner
detected binary path: /usr/bin/uwsgi-core
uWSGI running as root, you can use --uid/--gid/--chroot options
*** WARNING: you are running uWSGI as root !!! (use the --uid flag) *** 
*** WARNING: you are running uWSGI without its master process manager ***
your processes number limit is 7905
your memory page size is 4096 bytes
detected max file descriptor number: 1024
lock engine: pthread robust mutexes
thunder lock: disabled (you can enable it with --thunder-lock)
uwsgi socket 0 bound to UNIX address /root/aircleaner/uWSGI/uwsgi.sock fd 3
your server socket listen backlog is limited to 100 connections
your mercy for graceful operations on workers is 60 seconds
mapped 63988 bytes (62 KB) for 1 cores
*** Operational MODE: single process ***
*** no app loaded. going in full dynamic mode ***
*** uWSGI is running in multiple interpreter mode ***
!!!!!!!!!!!!!! WARNING !!!!!!!!!!!!!!
no request plugin is loaded, you will not be able to manage requests.
you may need to install the package for your language of choice, or simply load it with --plugin.
!!!!!!!!!!! END OF WARNING !!!!!!!!!!
spawned uWSGI worker 1 (and the only) (pid: 3574, cores: 1)
*** Starting uWSGI 2.0.14-debian (32bit) on [Wed May 17 02:52:25 2017] ***
compiled with version: 6.2.1 20161124 on 07 December 2016 17:48:00
os: Linux-4.9.0-2-686 #1 SMP Debian 4.9.18-1 (2017-03-30)
nodename: webserver
machine: i686
clock source: unix
pcre jit disabled
detected number of CPU cores: 1
current working directory: /root/aircleaner
detected binary path: /usr/bin/uwsgi-core
uWSGI running as root, you can use --uid/--gid/--chroot options
*** WARNING: you are running uWSGI as root !!! (use the --uid flag) *** 
*** WARNING: you are running uWSGI without its master process manager ***
your processes number limit is 7905
your memory page size is 4096 bytes
detected max file descriptor number: 1024
lock engine: pthread robust mutexes
thunder lock: disabled (you can enable it with --thunder-lock)
uwsgi socket 0 bound to UNIX address /root/aircleaner/uWSGI/uwsgi.sock fd 3
your server socket listen backlog is limited to 100 connections
your mercy for graceful operations on workers is 60 seconds
mapped 63988 bytes (62 KB) for 1 cores
*** Operational MODE: single process ***
*** no app loaded. going in full dynamic mode ***
*** uWSGI is running in multiple interpreter mode ***
!!!!!!!!!!!!!! WARNING !!!!!!!!!!!!!!
no request plugin is loaded, you will not be able to manage requests.
you may need to install the package for your language of choice, or simply load it with --plugin.
!!!!!!!!!!! END OF WARNING !!!!!!!!!!
spawned uWSGI worker 1 (and the only) (pid: 3657, cores: 1)
*** Starting uWSGI 2.0.14-debian (32bit) on [Wed May 17 02:53:17 2017] ***
compiled with version: 6.2.1 20161124 on 07 December 2016 17:48:00
os: Linux-4.9.0-2-686 #1 SMP Debian 4.9.18-1 (2017-03-30)
nodename: webserver
machine: i686
clock source: unix
pcre jit disabled
detected number of CPU cores: 1
current working directory: /root/aircleaner
detected binary path: /usr/bin/uwsgi-core
uWSGI running as root, you can use --uid/--gid/--chroot options
*** WARNING: you are running uWSGI as root !!! (use the --uid flag) *** 
*** WARNING: you are running uWSGI without its master process manager ***
your processes number limit is 7905
your memory page size is 4096 bytes
detected max file descriptor number: 1024
lock engine: pthread robust mutexes
thunder lock: disabled (you can enable it with --thunder-lock)
uwsgi socket 0 bound to UNIX address /root/aircleaner/uWSGI/uwsgi.sock fd 3
your server socket listen backlog is limited to 100 connections
your mercy for graceful operations on workers is 60 seconds
mapped 63988 bytes (62 KB) for 1 cores
*** Operational MODE: single process ***
*** no app loaded. going in full dynamic mode ***
*** uWSGI is running in multiple interpreter mode ***
!!!!!!!!!!!!!! WARNING !!!!!!!!!!!!!!
no request plugin is loaded, you will not be able to manage requests.
you may need to install the package for your language of choice, or simply load it with --plugin.
!!!!!!!!!!! END OF WARNING !!!!!!!!!!
spawned uWSGI worker 1 (and the only) (pid: 3727, cores: 1)
*** Starting uWSGI 2.0.14-debian (32bit) on [Wed May 17 02:58:47 2017] ***
compiled with version: 6.2.1 20161124 on 07 December 2016 17:48:00
os: Linux-4.9.0-2-686 #1 SMP Debian 4.9.18-1 (2017-03-30)
nodename: webserver
machine: i686
clock source: unix
pcre jit disabled
detected number of CPU cores: 1
current working directory: /root/aircleaner/uWSGI
detected binary path: /usr/bin/uwsgi-core
uWSGI running as root, you can use --uid/--gid/--chroot options
*** WARNING: you are running uWSGI as root !!! (use the --uid flag) *** 
*** WARNING: you are running uWSGI without its master process manager ***
your processes number limit is 7905
your memory page size is 4096 bytes
detected max file descriptor number: 1024
lock engine: pthread robust mutexes
thunder lock: disabled (you can enable it with --thunder-lock)
uwsgi socket 0 bound to UNIX address /root/aircleaner/uWSGI/uwsgi.sock fd 3
your server socket listen backlog is limited to 100 connections
your mercy for graceful operations on workers is 60 seconds
mapped 63988 bytes (62 KB) for 1 cores
*** Operational MODE: single process ***
*** no app loaded. going in full dynamic mode ***
*** uWSGI is running in multiple interpreter mode ***
!!!!!!!!!!!!!! WARNING !!!!!!!!!!!!!!
no request plugin is loaded, you will not be able to manage requests.
you may need to install the package for your language of choice, or simply load it with --plugin.
!!!!!!!!!!! END OF WARNING !!!!!!!!!!
spawned uWSGI worker 1 (and the only) (pid: 4196, cores: 1)
*** Starting uWSGI 2.0.14-debian (32bit) on [Wed May 17 03:01:49 2017] ***
compiled with version: 6.2.1 20161124 on 07 December 2016 17:48:00
os: Linux-4.9.0-2-686 #1 SMP Debian 4.9.18-1 (2017-03-30)
nodename: webserver
machine: i686
clock source: unix
pcre jit disabled
detected number of CPU cores: 1
current working directory: /root/aircleaner/uWSGI
detected binary path: /usr/bin/uwsgi-core
uWSGI running as root, you can use --uid/--gid/--chroot options
*** WARNING: you are running uWSGI as root !!! (use the --uid flag) *** 
*** WARNING: you are running uWSGI without its master process manager ***
your processes number limit is 7905
your memory page size is 4096 bytes
detected max file descriptor number: 1024
lock engine: pthread robust mutexes
thunder lock: disabled (you can enable it with --thunder-lock)
uwsgi socket 0 bound to UNIX address /root/aircleaner/uWSGI/uwsgi.sock fd 3
your server socket listen backlog is limited to 100 connections
your mercy for graceful operations on workers is 60 seconds
mapped 63988 bytes (62 KB) for 1 cores
*** Operational MODE: single process ***
*** no app loaded. going in full dynamic mode ***
*** uWSGI is running in multiple interpreter mode ***
!!!!!!!!!!!!!! WARNING !!!!!!!!!!!!!!
no request plugin is loaded, you will not be able to manage requests.
you may need to install the package for your language of choice, or simply load it with --plugin.
!!!!!!!!!!! END OF WARNING !!!!!!!!!!
spawned uWSGI worker 1 (and the only) (pid: 4204, cores: 1)
*** Starting uWSGI 2.0.14-debian (32bit) on [Wed May 17 03:08:13 2017] ***
compiled with version: 6.2.1 20161124 on 07 December 2016 17:48:00
os: Linux-4.9.0-2-686 #1 SMP Debian 4.9.18-1 (2017-03-30)
nodename: webserver
machine: i686
clock source: unix
pcre jit disabled
detected number of CPU cores: 1
current working directory: /root/aircleaner/uWSGI
detected binary path: /usr/bin/uwsgi-core
uWSGI running as root, you can use --uid/--gid/--chroot options
*** WARNING: you are running uWSGI as root !!! (use the --uid flag) *** 
*** WARNING: you are running uWSGI without its master process manager ***
your processes number limit is 7905
your memory page size is 4096 bytes
detected max file descriptor number: 1024
lock engine: pthread robust mutexes
thunder lock: disabled (you can enable it with --thunder-lock)
uwsgi socket 0 bound to UNIX address /root/aircleaner/uWSGI/uwsgi.sock fd 3
your server socket listen backlog is limited to 100 connections
your mercy for graceful operations on workers is 60 seconds
mapped 63988 bytes (62 KB) for 1 cores
*** Operational MODE: single process ***
*** no app loaded. going in full dynamic mode ***
*** uWSGI is running in multiple interpreter mode ***
!!!!!!!!!!!!!! WARNING !!!!!!!!!!!!!!
no request plugin is loaded, you will not be able to manage requests.
you may need to install the package for your language of choice, or simply load it with --plugin.
!!!!!!!!!!! END OF WARNING !!!!!!!!!!
spawned uWSGI worker 1 (and the only) (pid: 4233, cores: 1)
*** Starting uWSGI 2.0.14-debian (32bit) on [Wed May 17 03:16:31 2017] ***
compiled with version: 6.2.1 20161124 on 07 December 2016 17:48:00
os: Linux-4.9.0-2-686 #1 SMP Debian 4.9.18-1 (2017-03-30)
nodename: webserver
machine: i686
clock source: unix
pcre jit disabled
detected number of CPU cores: 1
current working directory: /root/aircleaner
detected binary path: /usr/bin/uwsgi-core
uWSGI running as root, you can use --uid/--gid/--chroot options
*** WARNING: you are running uWSGI as root !!! (use the --uid flag) *** 
*** WARNING: you are running uWSGI without its master process manager ***
your processes number limit is 7905
your memory page size is 4096 bytes
detected max file descriptor number: 1024
lock engine: pthread robust mutexes
thunder lock: disabled (you can enable it with --thunder-lock)
uwsgi socket 0 bound to UNIX address /root/aircleaner/uWSGI/uwsgi.sock fd 3
your server socket listen backlog is limited to 100 connections
your mercy for graceful operations on workers is 60 seconds
mapped 63988 bytes (62 KB) for 1 cores
*** Operational MODE: single process ***
*** no app loaded. going in full dynamic mode ***
*** uWSGI is running in multiple interpreter mode ***
!!!!!!!!!!!!!! WARNING !!!!!!!!!!!!!!
no request plugin is loaded, you will not be able to manage requests.
you may need to install the package for your language of choice, or simply load it with --plugin.
!!!!!!!!!!! END OF WARNING !!!!!!!!!!
spawned uWSGI worker 1 (and the only) (pid: 4448, cores: 1)
*** Starting uWSGI 2.0.15 (32bit) on [Wed May 17 04:52:49 2017] ***
compiled with version: 6.3.0 20170425 on 17 May 2017 03:32:53
os: Linux-4.9.0-2-686 #1 SMP Debian 4.9.18-1 (2017-03-30)
nodename: webserver
machine: i686
clock source: unix
detected number of CPU cores: 1
current working directory: /root/aircleaner
detected binary path: /root/aircleaner/venv/bin/uwsgi
!!! no internal routing support, rebuild with pcre support !!!
uWSGI running as root, you can use --uid/--gid/--chroot options
*** WARNING: you are running uWSGI as root !!! (use the --uid flag) *** 
chdir() to /root/aircleaner
your processes number limit is 7905
your memory page size is 4096 bytes
detected max file descriptor number: 1024
lock engine: pthread robust mutexes
thunder lock: disabled (you can enable it with --thunder-lock)
uwsgi socket 0 bound to UNIX address /root/aircleaner/uWSGI/uwsgi.sock fd 3
uwsgi socket 1 bound to TCP address 127.0.0.1:8080 fd 4
Python version: 3.5.3 (default, Jan 19 2017, 14:11:04)  [GCC 6.3.0 20170118]
PEP 405 virtualenv detected: /root/aircleaner/venv
Set PythonHome to /root/aircleaner/venv
Python main interpreter initialized at 0x815ac770
python threads support enabled
your server socket listen backlog is limited to 100 connections
your mercy for graceful operations on workers is 60 seconds
mapped 127968 bytes (124 KB) for 1 cores
*** Operational MODE: single process ***
added /root/aircleaner/venv/bin/ to pythonpath.
WSGI app 0 (mountpoint='') ready in 1 seconds on interpreter 0x815ac770 pid: 6309 (default app)
*** uWSGI is running in multiple interpreter mode ***
spawned uWSGI master process (pid: 6309)
spawned uWSGI worker 1 (pid: 6311, cores: 1)
[pid: 6311|app: 0|req: 1/1] 192.168.1.244 () {48 vars in 836 bytes} [Wed May 17 04:52:52 2017] GET / => generated 21 bytes in 11 msecs (HTTP/1.1 200) 2 headers in 79 bytes (1 switches on core 0)
[pid: 6311|app: 0|req: 2/2] 192.168.1.244 () {48 vars in 836 bytes} [Wed May 17 04:52:57 2017] GET / => generated 21 bytes in 1 msecs (HTTP/1.1 200) 2 headers in 79 bytes (1 switches on core 0)
[pid: 6311|app: 0|req: 3/3] 192.168.1.244 () {48 vars in 836 bytes} [Wed May 17 04:52:58 2017] GET / => generated 21 bytes in 0 msecs (HTTP/1.1 200) 2 headers in 79 bytes (1 switches on core 0)
[pid: 6311|app: 0|req: 4/4] 192.168.1.244 () {48 vars in 836 bytes} [Wed May 17 04:52:58 2017] GET / => generated 21 bytes in 0 msecs (HTTP/1.1 200) 2 headers in 79 bytes (1 switches on core 0)
[pid: 6311|app: 0|req: 5/5] 192.168.1.244 () {48 vars in 836 bytes} [Wed May 17 04:52:59 2017] GET / => generated 21 bytes in 0 msecs (HTTP/1.1 200) 2 headers in 79 bytes (1 switches on core 0)
[pid: 6311|app: 0|req: 6/6] 192.168.1.244 () {48 vars in 836 bytes} [Wed May 17 04:52:59 2017] GET / => generated 21 bytes in 1 msecs (HTTP/1.1 200) 2 headers in 79 bytes (1 switches on core 0)
[pid: 6311|app: 0|req: 7/7] 192.168.1.244 () {48 vars in 836 bytes} [Wed May 17 04:52:59 2017] GET / => generated 21 bytes in 0 msecs (HTTP/1.1 200) 2 headers in 79 bytes (1 switches on core 0)
[pid: 6311|app: 0|req: 8/8] 192.168.1.244 () {48 vars in 836 bytes} [Wed May 17 04:53:00 2017] GET / => generated 21 bytes in 0 msecs (HTTP/1.1 200) 2 headers in 79 bytes (1 switches on core 0)
[pid: 6311|app: 0|req: 9/9] 192.168.1.244 () {48 vars in 836 bytes} [Wed May 17 04:53:01 2017] GET / => generated 21 bytes in 0 msecs (HTTP/1.1 200) 2 headers in 79 bytes (1 switches on core 0)
[pid: 6311|app: 0|req: 10/10] 192.168.1.244 () {48 vars in 836 bytes} [Wed May 17 04:53:02 2017] GET / => generated 21 bytes in 0 msecs (HTTP/1.1 200) 2 headers in 79 bytes (1 switches on core 0)
SIGINT/SIGQUIT received...killing workers...
worker 1 buried after 1 seconds
goodbye to uWSGI.
*** Starting uWSGI 2.0.15 (32bit) on [Wed May 17 04:53:10 2017] ***
compiled with version: 6.3.0 20170425 on 17 May 2017 03:32:53
os: Linux-4.9.0-2-686 #1 SMP Debian 4.9.18-1 (2017-03-30)
nodename: webserver
machine: i686
clock source: unix
detected number of CPU cores: 1
current working directory: /root/aircleaner
detected binary path: /root/aircleaner/venv/bin/uwsgi
!!! no internal routing support, rebuild with pcre support !!!
uWSGI running as root, you can use --uid/--gid/--chroot options
*** WARNING: you are running uWSGI as root !!! (use the --uid flag) *** 
chdir() to /root/aircleaner
your processes number limit is 7905
your memory page size is 4096 bytes
detected max file descriptor number: 1024
lock engine: pthread robust mutexes
thunder lock: disabled (you can enable it with --thunder-lock)
uwsgi socket 0 bound to UNIX address /root/aircleaner/uWSGI/uwsgi.sock fd 3
uwsgi socket 1 bound to TCP address 127.0.0.1:8080 fd 4
Python version: 3.5.3 (default, Jan 19 2017, 14:11:04)  [GCC 6.3.0 20170118]
PEP 405 virtualenv detected: /root/aircleaner/venv
Set PythonHome to /root/aircleaner/venv
Python main interpreter initialized at 0x812e8770
python threads support enabled
your server socket listen backlog is limited to 100 connections
your mercy for graceful operations on workers is 60 seconds
mapped 127968 bytes (124 KB) for 1 cores
*** Operational MODE: single process ***
added /root/aircleaner/venv/bin/ to pythonpath.
WSGI app 0 (mountpoint='') ready in 1 seconds on interpreter 0x812e8770 pid: 6312 (default app)
*** uWSGI is running in multiple interpreter mode ***
spawned uWSGI master process (pid: 6312)
spawned uWSGI worker 1 (pid: 6314, cores: 1)
[pid: 6314|app: 0|req: 1/1] 192.168.1.244 () {48 vars in 836 bytes} [Wed May 17 04:53:13 2017] GET / => generated 23 bytes in 2 msecs (HTTP/1.1 200) 2 headers in 79 bytes (1 switches on core 0)
SIGINT/SIGQUIT received...killing workers...
worker 1 buried after 1 seconds
goodbye to uWSGI.
